向FlameMan发送文本消息：
' @img@emotion_do_not_delete/glad.jpg' 
向FlameMan发送文本消息：
' @img@emotion_do_not_delete/yeah.jpg' 
向落雪发送文本消息：
' @img@emotion_do_not_delete/happytime.jpg' 
向落雪发送文本消息：
' To 落雪: 
怎么了？' 
向FlameMan发送文本消息：
' To FlameMan: 
我觉得你不够智能' 
向FlameMan发送文本消息：
' @img@emotion_do_not_delete/missingyou.jpg' 
向落雪发送文本消息：
' @img@emotion_do_not_delete/cold.jpg' 
向落雪发送文本消息：
' @img@emotion_do_not_delete/cold.jpg' 
向婉榕发送文本消息：
' @img@emotion_do_not_delete/whatareyou.jpg' 
向落雪发送文本消息：
' @img@emotion_do_not_delete/201510121725206864.gif' 
向落雪发送文本消息：
' To 落雪: 
今天吃的什么好吃的？' 
向婉榕发送文本消息：
' @img@emotion_do_not_delete/170617-233648.png' 
向婉榕发送文本消息：
' @img@emotion_do_not_delete/201412311210270686.gif' 
向婉榕发送文本消息：
' To 婉榕: 
马丹' 
向落雪发送文本消息：
' @img@emotion_do_not_delete/happyfamily.jpg' 
向婉榕发送文本消息：
' @img@emotion_do_not_delete/201503250958042455.gif' 
向落雪发送文本消息：
' @img@emotion_do_not_delete/cold.jpg' 
向落雪发送文本消息：
' @img@emotion_do_not_delete/walli.jpg' 
向婉榕发送文本消息：
' @img@emotion_do_not_delete/170617-233937.png' 
向婉榕发送文本消息：
' @img@emotion_do_not_delete/oops.jpg' 
向落雪发送文本消息：
' To 落雪: 
有时候我反应慢是因为我在思考人生' 
向落雪发送文本消息：
' @img@emotion_do_not_delete/youarenotalone.jpg' 
向落雪发送文本消息：
' @img@emotion_do_not_delete/201702271514332309.gif' 
向婉榕发送文本消息：
' @img@emotion_do_not_delete/letsplay.jpg' 
向FlameMan发送文本消息：
' To FlameMan: 
怎么回事' 
向FlameMan发送文本消息：
' @img@emotion_do_not_delete/201703171600320264.gif' 
向落雪发送文本消息：
' @img@emotion_do_not_delete/ilikethis.jpg' 
向婉榕发送文本消息：
' @img@emotion_do_not_delete/yeah.jpg' 
向婉榕发送文本消息：
' @img@emotion_do_not_delete/happyfamily.jpg' 
向婉榕发送文本消息：
' @img@emotion_do_not_delete/170625-103801.png' 
向落雪发送文本消息：
' @img@emotion_do_not_delete/170625-115021.png' 
向FlameMan发送文本消息：
' @img@emotion_do_not_delete/201704282100260870.gif' 
向FlameMan发送文本消息：
' @img@emotion_do_not_delete/170525-094830.png' 
